<?xml version="1.0" encoding="UTF-8"?>
<!-- Generated by org.testng.reporters.JUnitReportReporter -->
<testsuite skipped="0" hostname="MECHANICALPC" name="automationScripts.LoginVtiger" tests="1" failures="0" timestamp="19 Jun 2020 16:59:40 GMT" time="5.834" errors="0">
  <testcase name="Test" time="5.834" classname="automationScripts.LoginVtiger"/>
</testsuite> <!-- automationScripts.LoginVtiger -->
